18:24:17 **** Build of configuration Debug for project Event Creator ****
make all 
Building file: ../course.cpp
Invoking: GCC C++ Compiler
g++ -O0 -g3 -Wall -c -fmessage-length=0 -MMD -MP -MF"course.d" -MT"course.d" -o "course.o" "../course.cpp"
Finished building: ../course.cpp
 
Building file: ../entrant.cpp
Invoking: GCC C++ Compiler
g++ -O0 -g3 -Wall -c -fmessage-length=0 -MMD -MP -MF"entrant.d" -MT"entrant.d" -o "entrant.o" "../entrant.cpp"
Finished building: ../entrant.cpp
 
Building file: ../event.cpp
Invoking: GCC C++ Compiler
g++ -O0 -g3 -Wall -c -fmessage-length=0 -MMD -MP -MF"event.d" -MT"event.d" -o "event.o" "../event.cpp"
Finished building: ../event.cpp
 
Building file: ../eventcreator.cpp
Invoking: GCC C++ Compiler
g++ -O0 -g3 -Wall -c -fmessage-length=0 -MMD -MP -MF"eventcreator.d" -MT"eventcreator.d" -o "eventcreator.o" "../eventcreator.cpp"
../eventcreator.cpp: In member function ‘int EventCreator::ChooseEvent()’:
../eventcreator.cpp:140:51: warning: comparison between signed and unsigned integer expressions [-Wsign-compare]
../eventcreator.cpp: In member function ‘char EventCreator::ChooseCourse(Event)’:
../eventcreator.cpp:169:52: warning: comparison between signed and unsigned integer expressions [-Wsign-compare]
Finished building: ../eventcreator.cpp
 
Building file: ../fileio.cpp
Invoking: GCC C++ Compiler
g++ -O0 -g3 -Wall -c -fmessage-length=0 -MMD -MP -MF"fileio.d" -MT"fileio.d" -o "fileio.o" "../fileio.cpp"
../fileio.cpp: In member function ‘bool FileIO::WriteEvent(Event)’:
../fileio.cpp:27:1: warning: no return statement in function returning non-void [-Wreturn-type]
Finished building: ../fileio.cpp
 
Building file: ../ioscanner.cpp
Invoking: GCC C++ Compiler
g++ -O0 -g3 -Wall -c -fmessage-length=0 -MMD -MP -MF"ioscanner.d" -MT"ioscanner.d" -o "ioscanner.o" "../ioscanner.cpp"
Finished building: ../ioscanner.cpp
 
Building target: Event Creator
Invoking: GCC C++ Linker
g++  -o "Event Creator"  ./course.o ./entrant.o ./event.o ./eventcreator.o ./fileio.o ./ioscanner.o   
Finished building target: Event Creator
 
18:27:17 **** Incremental Build of configuration Debug for project Event Creator ****
make all 
Building file: ../eventcreator.cpp
Invoking: GCC C++ Compiler
g++ -O0 -g3 -Wall -c -fmessage-length=0 -MMD -MP -MF"eventcreator.d" -MT"eventcreator.d" -o "eventcreator.o" "../eventcreator.cpp"
../eventcreator.cpp: In member function ‘int EventCreator::ChooseEvent()’:
../eventcreator.cpp:140:51: warning: comparison between signed and unsigned integer expressions [-Wsign-compare]
../eventcreator.cpp: In member function ‘char EventCreator::ChooseCourse(Event)’:
../eventcreator.cpp:169:52: warning: comparison between signed and unsigned integer expressions [-Wsign-compare]
Finished building: ../eventcreator.cpp
 
Building file: ../fileio.cpp
Invoking: GCC C++ Compiler
g++ -O0 -g3 -Wall -c -fmessage-length=0 -MMD -MP -MF"fileio.d" -MT"fileio.d" -o "fileio.o" "../fileio.cpp"
Finished building: ../fileio.cpp
 
Building target: Event Creator
Invoking: GCC C++ Linker
g++  -o "Event Creator"  ./course.o ./entrant.o ./event.o ./eventcreator.o ./fileio.o ./ioscanner.o   
Finished building target: Event Creator
 
18:29:58 **** Incremental Build of configuration Debug for project Event Creator ****
make all 
make: Nothing to be done for `all'.
18:29:58 **** Build of configuration Debug for project Event Manager ****
make all 
Building file: ../fileio.c
Invoking: GCC C Compiler
gcc -O0 -g3 -Wall -c -fmessage-length=0 -MMD -MP -MF"fileio.d" -MT"fileio.d" -o "fileio.o" "../fileio.c"
Finished building: ../fileio.c
 
Building file: ../linked_list.c
Invoking: GCC C Compiler
gcc -O0 -g3 -Wall -c -fmessage-length=0 -MMD -MP -MF"linked_list.d" -MT"linked_list.d" -o "linked_list.o" "../linked_list.c"
Finished building: ../linked_list.c
 
Building file: ../main.c
Invoking: GCC C Compiler
gcc -O0 -g3 -Wall -c -fmessage-length=0 -MMD -MP -MF"main.d" -MT"main.d" -o "main.o" "../main.c"
Finished building: ../main.c
 
Building file: ../util.c
Invoking: GCC C Compiler
gcc -O0 -g3 -Wall -c -fmessage-length=0 -MMD -MP -MF"util.d" -MT"util.d" -o "util.o" "../util.c"
Finished building: ../util.c
 
Building target: Event Manager
Invoking: GCC C Linker
gcc  -o "Event Manager"  ./fileio.o ./linked_list.o ./main.o ./util.o   
Finished building target: Event Manager
 
18:30:06 **** Incremental Build of configuration Debug for project Event Manager ****
make all 
make: Nothing to be done for `all'.
